mode: set
github.com/galaplate/galaplate/console/kernel.go:8.48,12.2 0 0
github.com/galaplate/galaplate/main.go:14.13,15.49 1 0
github.com/galaplate/galaplate/main.go:15.49,20.45 4 0
github.com/galaplate/galaplate/main.go:20.45,22.4 1 0
github.com/galaplate/galaplate/main.go:23.3,23.9 1 0
github.com/galaplate/galaplate/main.go:26.2,40.16 5 0
github.com/galaplate/galaplate/main.go:40.16,42.3 1 0
github.com/galaplate/galaplate/main.go:44.2,44.47 1 0
github.com/galaplate/galaplate/main.go:44.47,46.3 1 0
github.com/galaplate/galaplate/pkg/controllers/log_controller.go:27.60,33.16 5 0
github.com/galaplate/galaplate/pkg/controllers/log_controller.go:33.16,36.3 2 0
github.com/galaplate/galaplate/pkg/controllers/log_controller.go:38.2,39.29 2 0
github.com/galaplate/galaplate/pkg/controllers/log_controller.go:39.29,40.62 1 0
github.com/galaplate/galaplate/pkg/controllers/log_controller.go:40.62,46.4 1 0
github.com/galaplate/galaplate/pkg/controllers/log_controller.go:49.2,49.43 1 0
github.com/galaplate/galaplate/pkg/controllers/log_controller.go:49.43,51.3 1 0
github.com/galaplate/galaplate/pkg/controllers/log_controller.go:53.2,53.24 1 0
github.com/galaplate/galaplate/pkg/controllers/log_controller.go:53.24,54.47 1 0
github.com/galaplate/galaplate/pkg/controllers/log_controller.go:54.47,56.4 1 0
github.com/galaplate/galaplate/pkg/controllers/log_controller.go:58.3,60.53 2 0
github.com/galaplate/galaplate/pkg/controllers/log_controller.go:60.53,62.4 1 0
github.com/galaplate/galaplate/pkg/controllers/log_controller.go:64.3,65.17 2 0
github.com/galaplate/galaplate/pkg/controllers/log_controller.go:65.17,68.4 2 0
github.com/galaplate/galaplate/pkg/controllers/log_controller.go:70.3,70.36 1 0
github.com/galaplate/galaplate/pkg/controllers/log_controller.go:73.2,80.4 2 0
github.com/galaplate/galaplate/pkg/controllers/test_controller.go:15.86,17.40 2 0
github.com/galaplate/galaplate/pkg/controllers/test_controller.go:17.40,19.3 1 0
github.com/galaplate/galaplate/pkg/controllers/test_controller.go:21.2,21.48 1 0
github.com/galaplate/galaplate/pkg/controllers/test_controller.go:21.48,23.3 1 0
github.com/galaplate/galaplate/pkg/controllers/test_controller.go:25.2,25.15 1 0
github.com/galaplate/galaplate/pkg/controllers/test_controller.go:29.42,31.2 1 0
github.com/galaplate/galaplate/pkg/controllers/test_controller.go:33.62,38.2 1 0
github.com/galaplate/galaplate/pkg/controllers/test_controller.go:40.62,42.16 2 0
github.com/galaplate/galaplate/pkg/controllers/test_controller.go:42.16,44.3 1 0
github.com/galaplate/galaplate/pkg/controllers/test_controller.go:46.2,54.4 1 0
github.com/galaplate/galaplate/pkg/controllers/test_controller.go:57.59,68.2 2 0
github.com/galaplate/galaplate/middleware/auth.go:16.52,17.34 1 0
github.com/galaplate/galaplate/middleware/auth.go:17.34,19.17 2 0
github.com/galaplate/galaplate/middleware/auth.go:19.17,25.4 2 0
github.com/galaplate/galaplate/middleware/auth.go:27.3,27.41 1 0
github.com/galaplate/galaplate/middleware/auth.go:27.41,33.4 2 0
github.com/galaplate/galaplate/middleware/auth.go:35.3,36.17 2 0
github.com/galaplate/galaplate/middleware/auth.go:36.17,43.4 3 0
github.com/galaplate/galaplate/middleware/auth.go:45.3,46.21 2 0
github.com/galaplate/galaplate/middleware/auth.go:46.21,52.4 2 0
github.com/galaplate/galaplate/middleware/auth.go:54.3,60.55 5 0
github.com/galaplate/galaplate/middleware/auth.go:60.55,66.4 2 0
github.com/galaplate/galaplate/middleware/auth.go:68.3,69.80 1 0
github.com/galaplate/galaplate/middleware/auth.go:69.80,76.4 3 0
github.com/galaplate/galaplate/middleware/auth.go:78.3,78.18 1 0
github.com/galaplate/galaplate/middleware/auth.go:84.32,86.2 1 0
github.com/galaplate/galaplate/router/router.go:10.34,14.40 2 0
github.com/galaplate/galaplate/router/router.go:14.40,16.3 1 0
github.com/galaplate/galaplate/router/router.go:19.2,28.50 7 0
github.com/galaplate/galaplate/tests/test_case.go:21.33,43.2 9 0
